In file included from [01m[K/home/ros/agile_x/src/acl-mapping/global-mapper/global_mapper_ros/src/global_mapper_ros/global_mapper_ros.h:12:0[m[K,
                 from [01m[K/home/ros/agile_x/src/acl-mapping/global-mapper/global_mapper_ros/src/global_mapper_ros/global_mapper_ros.cc:26[m[K:
[01m[K/opt/ros/melodic/include/pcl_ros/point_cloud.h:303:27:[m[K [01;35m[Kwarning: [m[Kvariable templates only available with -std=c++14 or -std=gnu++14
     constexpr static bool [01;35m[Kpcl_uses_boost[m[K = true;
                           [01;35m[K^~~~~~~~~~~~~~[m[K
[01m[K/home/ros/agile_x/src/acl-mapping/global-mapper/global_mapper_ros/src/global_mapper_ros/global_mapper_ros.cc:[m[K In member function â€˜[01m[Kvoid global_mapper_ros::GlobalMapperRos::VelodyneCallback(const ConstPtr&)[m[Kâ€™:
[01m[K/home/ros/agile_x/src/acl-mapping/global-mapper/global_mapper_ros/src/global_mapper_ros/global_mapper_ros.cc:696:49:[m[K [01;31m[Kerror: [m[Kâ€˜[01m[Kconst ConstPtr {aka const class boost::shared_ptr<const sensor_msgs::PointCloud2_<std::allocator<void> > >}[m[Kâ€™ has no member named â€˜[01m[Kheader[m[Kâ€™
   std::cout << "velodyne msg: " << velodyne_msg.[01;31m[Kheader[m[K.stamp << std::endl;
                                                 [01;31m[K^~~~~~[m[K
make[2]: *** [CMakeFiles/global_mapper_ros.dir/src/global_mapper_ros/global_mapper_ros.cc.o] Error 1
make[1]: *** [CMakeFiles/global_mapper_ros.dir/all] Error 2
make: *** [all] Error 2
